2022-02-11 14:11:07,320 __main__ 28 [INFO][<module>] start 
2022-02-11 14:11:09,829 __main__ 37 [DEBUG][<module>] train columns: (58,) ['id' 'ps_ind_01' 'ps_ind_02_cat' 'ps_ind_03' 'ps_ind_04_cat'
 'ps_ind_05_cat' 'ps_ind_06_bin' 'ps_ind_07_bin' 'ps_ind_08_bin'
 'ps_ind_09_bin' 'ps_ind_10_bin' 'ps_ind_11_bin' 'ps_ind_12_bin'
 'ps_ind_13_bin' 'ps_ind_14' 'ps_ind_15' 'ps_ind_16_bin' 'ps_ind_17_bin'
 'ps_ind_18_bin' 'ps_reg_01' 'ps_reg_02' 'ps_reg_03' 'ps_car_01_cat'
 'ps_car_02_cat' 'ps_car_03_cat' 'ps_car_04_cat' 'ps_car_05_cat'
 'ps_car_06_cat' 'ps_car_07_cat' 'ps_car_08_cat' 'ps_car_09_cat'
 'ps_car_10_cat' 'ps_car_11_cat' 'ps_car_11' 'ps_car_12' 'ps_car_13'
 'ps_car_14' 'ps_car_15' 'ps_calc_01' 'ps_calc_02' 'ps_calc_03'
 'ps_calc_04' 'ps_calc_05' 'ps_calc_06' 'ps_calc_07' 'ps_calc_08'
 'ps_calc_09' 'ps_calc_10' 'ps_calc_11' 'ps_calc_12' 'ps_calc_13'
 'ps_calc_14' 'ps_calc_15_bin' 'ps_calc_16_bin' 'ps_calc_17_bin'
 'ps_calc_18_bin' 'ps_calc_19_bin' 'ps_calc_20_bin'] 
2022-02-11 14:11:09,829 __main__ 38 [INFO][<module>] train data loaded (595212, 58) 
2022-02-11 14:11:12,935 __main__ 42 [INFO][<module>] training finished 
2022-02-11 14:11:16,766 __main__ 48 [INFO][<module>] test data loaded (892816, 58) 
2022-02-11 14:15:22,846 __main__ 28 [INFO][<module>] start 
2022-02-11 14:15:25,509 __main__ 37 [DEBUG][<module>] train columns: (58,) ['id' 'ps_ind_01' 'ps_ind_02_cat' 'ps_ind_03' 'ps_ind_04_cat'
 'ps_ind_05_cat' 'ps_ind_06_bin' 'ps_ind_07_bin' 'ps_ind_08_bin'
 'ps_ind_09_bin' 'ps_ind_10_bin' 'ps_ind_11_bin' 'ps_ind_12_bin'
 'ps_ind_13_bin' 'ps_ind_14' 'ps_ind_15' 'ps_ind_16_bin' 'ps_ind_17_bin'
 'ps_ind_18_bin' 'ps_reg_01' 'ps_reg_02' 'ps_reg_03' 'ps_car_01_cat'
 'ps_car_02_cat' 'ps_car_03_cat' 'ps_car_04_cat' 'ps_car_05_cat'
 'ps_car_06_cat' 'ps_car_07_cat' 'ps_car_08_cat' 'ps_car_09_cat'
 'ps_car_10_cat' 'ps_car_11_cat' 'ps_car_11' 'ps_car_12' 'ps_car_13'
 'ps_car_14' 'ps_car_15' 'ps_calc_01' 'ps_calc_02' 'ps_calc_03'
 'ps_calc_04' 'ps_calc_05' 'ps_calc_06' 'ps_calc_07' 'ps_calc_08'
 'ps_calc_09' 'ps_calc_10' 'ps_calc_11' 'ps_calc_12' 'ps_calc_13'
 'ps_calc_14' 'ps_calc_15_bin' 'ps_calc_16_bin' 'ps_calc_17_bin'
 'ps_calc_18_bin' 'ps_calc_19_bin' 'ps_calc_20_bin'] 
2022-02-11 14:15:25,509 __main__ 38 [INFO][<module>] train data loaded (595212, 58) 
2022-02-11 14:15:28,649 __main__ 42 [INFO][<module>] training finished 
2022-02-11 14:15:32,723 __main__ 48 [INFO][<module>] test data loaded (892816, 58) 
2022-02-11 14:17:37,641 __main__ 28 [INFO][<module>] start 
2022-02-11 14:17:40,627 __main__ 37 [DEBUG][<module>] train columns: (58,) ['id' 'ps_ind_01' 'ps_ind_02_cat' 'ps_ind_03' 'ps_ind_04_cat'
 'ps_ind_05_cat' 'ps_ind_06_bin' 'ps_ind_07_bin' 'ps_ind_08_bin'
 'ps_ind_09_bin' 'ps_ind_10_bin' 'ps_ind_11_bin' 'ps_ind_12_bin'
 'ps_ind_13_bin' 'ps_ind_14' 'ps_ind_15' 'ps_ind_16_bin' 'ps_ind_17_bin'
 'ps_ind_18_bin' 'ps_reg_01' 'ps_reg_02' 'ps_reg_03' 'ps_car_01_cat'
 'ps_car_02_cat' 'ps_car_03_cat' 'ps_car_04_cat' 'ps_car_05_cat'
 'ps_car_06_cat' 'ps_car_07_cat' 'ps_car_08_cat' 'ps_car_09_cat'
 'ps_car_10_cat' 'ps_car_11_cat' 'ps_car_11' 'ps_car_12' 'ps_car_13'
 'ps_car_14' 'ps_car_15' 'ps_calc_01' 'ps_calc_02' 'ps_calc_03'
 'ps_calc_04' 'ps_calc_05' 'ps_calc_06' 'ps_calc_07' 'ps_calc_08'
 'ps_calc_09' 'ps_calc_10' 'ps_calc_11' 'ps_calc_12' 'ps_calc_13'
 'ps_calc_14' 'ps_calc_15_bin' 'ps_calc_16_bin' 'ps_calc_17_bin'
 'ps_calc_18_bin' 'ps_calc_19_bin' 'ps_calc_20_bin'] 
2022-02-11 14:17:40,627 __main__ 38 [INFO][<module>] train data loaded (595212, 58) 
2022-02-11 14:17:44,283 __main__ 42 [INFO][<module>] training finished 
2022-02-11 14:17:48,722 __main__ 48 [INFO][<module>] test data loaded (892816, 58) 
2022-02-11 14:17:51,282 __main__ 55 [INFO][<module>] end 
